d:\3 курс\msgserver\msgclient\x64\debug\msgclient.pch
d:\3 курс\msgserver\msgclient\x64\debug\vc142.pdb
d:\3 курс\msgserver\msgclient\x64\debug\vc142.idb
d:\3 курс\msgserver\msgclient\x64\debug\pch.obj
d:\3 курс\msgserver\msgclient\x64\debug\msgclient.obj
c:\учеба\7 семак\папилина\лаб1\msgserver\msgclient\x64\debug\msgclient.pch
c:\учеба\7 семак\папилина\лаб1\msgserver\msgclient\x64\debug\vc142.pdb
c:\учеба\7 семак\папилина\лаб1\msgserver\msgclient\x64\debug\vc142.idb
c:\учеба\7 семак\папилина\лаб1\msgserver\msgclient\x64\debug\pch.obj
c:\учеба\7 семак\папилина\лаб1\msgserver\msgclient\x64\debug\msgclient.obj
d:\3 курс\msgserver\x64\debug\msgclient.exe
d:\3 курс\msgserver\x64\debug\msgclient.ilk
d:\3 курс\msgserver\x64\debug\msgclient.pdb
c:\учеба\7 семак\папилина\лаб1\msgserver\x64\debug\msgclient.ilk
c:\учеба\7 семак\папилина\лаб1\msgserver\x64\debug\msgclient.exe
c:\учеба\7 семак\папилина\лаб1\msgserver\x64\debug\msgclient.pdb
d:\3 курс\msgserver\msgclient\x64\debug\msgclient.res
c:\учеба\7 семак\папилина\лаб1\msgserver\msgclient\x64\debug\msgclient.res
c:\учеба\7 семак\папилина\лаб1\msgserver\msgclient\x64\debug\msgclient.tlog\cl.command.1.tlog
c:\учеба\7 семак\папилина\лаб1\msgserver\msgclient\x64\debug\msgclient.tlog\cl.read.1.tlog
c:\учеба\7 семак\папилина\лаб1\msgserver\msgclient\x64\debug\msgclient.tlog\cl.write.1.tlog
c:\учеба\7 семак\папилина\лаб1\msgserver\msgclient\x64\debug\msgclient.tlog\link.command.1.tlog
c:\учеба\7 семак\папилина\лаб1\msgserver\msgclient\x64\debug\msgclient.tlog\link.read.1.tlog
c:\учеба\7 семак\папилина\лаб1\msgserver\msgclient\x64\debug\msgclient.tlog\link.write.1.tlog
c:\учеба\7 семак\папилина\лаб1\msgserver\msgclient\x64\debug\msgclient.tlog\rc.command.1.tlog
c:\учеба\7 семак\папилина\лаб1\msgserver\msgclient\x64\debug\msgclient.tlog\rc.read.1.tlog
c:\учеба\7 семак\папилина\лаб1\msgserver\msgclient\x64\debug\msgclient.tlog\rc.write.1.tlog
